INFO 2025-01-27 17:28:09,801 autoreload 9264 6268 Watching for file changes with StatReloader
INFO 2025-01-27 17:59:38,355 autoreload 8820 16684 Watching for file changes with StatReloader
INFO 2025-01-28 09:53:34,987 autoreload 18988 33740 Watching for file changes with StatReloader
INFO 2025-01-28 09:53:39,934 basehttp 18988 33696 "GET / HTTP/1.1" 200 1577
INFO 2025-01-28 09:53:40,131 basehttp 18988 33696 "GET /?format=openapi HTTP/1.1" 200 5737
INFO 2025-01-28 09:55:04,855 autoreload 18988 33740 C:\Users\Obaidullah\Desktop\New folder (5)\H2D\settings.py changed, reloading.
INFO 2025-01-28 09:55:05,814 autoreload 35484 3764 Watching for file changes with StatReloader
INFO 2025-01-28 09:58:27,118 autoreload 35484 3764 C:\Users\Obaidullah\Desktop\New folder (5)\H2D\settings.py changed, reloading.
INFO 2025-01-28 09:58:28,135 autoreload 8056 18828 Watching for file changes with StatReloader
INFO 2025-01-28 10:00:56,743 autoreload 8056 18828 C:\Users\Obaidullah\Desktop\New folder (5)\H2D\settings.py changed, reloading.
INFO 2025-01-28 10:00:57,727 autoreload 25008 19008 Watching for file changes with StatReloader
INFO 2025-01-28 10:02:22,436 basehttp 25008 20540 "GET / HTTP/1.1" 200 1577
INFO 2025-01-28 10:02:22,619 basehttp 25008 20540 "GET /?format=openapi HTTP/1.1" 200 5737
INFO 2025-01-28 10:02:43,286 autoreload 25008 19008 C:\Users\Obaidullah\Desktop\New folder (5)\H2D\urls.py changed, reloading.
INFO 2025-01-28 10:02:44,281 autoreload 28308 16832 Watching for file changes with StatReloader
INFO 2025-01-28 10:03:30,043 autoreload 28308 16832 C:\Users\Obaidullah\Desktop\New folder (5)\H2D\swagger.py changed, reloading.
INFO 2025-01-28 10:03:31,090 autoreload 33024 33528 Watching for file changes with StatReloader
INFO 2025-01-28 10:04:58,527 autoreload 33024 33528 C:\Users\Obaidullah\Desktop\New folder (5)\H2D\urls.py changed, reloading.
INFO 2025-01-28 10:04:59,602 autoreload 28184 12348 Watching for file changes with StatReloader
INFO 2025-01-28 10:05:07,700 basehttp 28184 34096 "GET / HTTP/1.1" 200 1577
INFO 2025-01-28 10:05:07,803 basehttp 28184 34096 "GET /?format=openapi HTTP/1.1" 200 1900
WARNING 2025-01-28 10:05:58,083 log 28184 34096 Unauthorized: /api/token
WARNING 2025-01-28 10:05:58,085 basehttp 28184 34096 "POST /api/token HTTP/1.1" 401 63
WARNING 2025-01-28 10:06:31,827 log 28184 34096 Unauthorized: /api/token
WARNING 2025-01-28 10:06:31,828 basehttp 28184 34096 "POST /api/token HTTP/1.1" 401 63
INFO 2025-01-28 10:06:49,906 basehttp 28184 34096 "GET /admin/ HTTP/1.1" 302 0
INFO 2025-01-28 10:06:49,985 basehttp 28184 34096 "GET /admin/login/?next=/admin/ HTTP/1.1" 200 3062
INFO 2025-01-28 10:06:50,026 basehttp 28184 10356 "GET /static/vendor/adminlte/css/adminlte.min.css HTTP/1.1" 304 0
INFO 2025-01-28 10:06:50,026 basehttp 28184 34096 "GET /static/vendor/fontawesome-free/css/all.min.css HTTP/1.1" 304 0
INFO 2025-01-28 10:06:50,027 basehttp 28184 26660 "GET /static/jazzmin/css/main.css HTTP/1.1" 304 0
INFO 2025-01-28 10:06:50,050 basehttp 28184 10356 "GET /static/vendor/bootstrap/js/bootstrap.min.js HTTP/1.1" 304 0
INFO 2025-01-28 10:06:50,051 basehttp 28184 34096 "GET /static/vendor/adminlte/img/AdminLTELogo.png HTTP/1.1" 304 0
INFO 2025-01-28 10:06:50,052 basehttp 28184 26660 "GET /static/admin/js/vendor/jquery/jquery.js HTTP/1.1" 304 0
INFO 2025-01-28 10:06:50,086 basehttp 28184 26660 "GET /static/vendor/adminlte/js/adminlte.min.js HTTP/1.1" 304 0
INFO 2025-01-28 10:06:50,173 basehttp 28184 26660 "GET /static/vendor/fontawesome-free/webfonts/fa-solid-900.woff2 HTTP/1.1" 304 0
INFO 2025-01-28 10:06:54,202 basehttp 28184 26660 "POST /admin/login/?next=/admin/ HTTP/1.1" 302 0
INFO 2025-01-28 10:06:54,337 basehttp 28184 26660 "GET /admin/ HTTP/1.1" 200 13868
INFO 2025-01-28 10:06:54,364 basehttp 28184 26660 "GET /static/jazzmin/js/main.js HTTP/1.1" 304 0
INFO 2025-01-28 10:06:54,426 basehttp 28184 26660 "GET /static/vendor/fontawesome-free/webfonts/fa-regular-400.woff2 HTTP/1.1" 304 0
INFO 2025-01-28 10:06:58,221 basehttp 28184 26660 "GET /admin/users/user/ HTTP/1.1" 200 25521
INFO 2025-01-28 10:06:58,243 basehttp 28184 26660 "GET /static/vendor/select2/css/select2.min.css HTTP/1.1" 304 0
INFO 2025-01-28 10:06:58,255 basehttp 28184 34096 "GET /static/admin/js/jquery.init.js HTTP/1.1" 304 0
INFO 2025-01-28 10:06:58,256 basehttp 28184 10356 "GET /static/admin/js/core.js HTTP/1.1" 304 0
INFO 2025-01-28 10:06:58,260 basehttp 28184 10748 "GET /static/admin/js/admin/RelatedObjectLookups.js HTTP/1.1" 304 0
INFO 2025-01-28 10:06:58,262 basehttp 28184 2816 "GET /static/admin/js/actions.js HTTP/1.1" 304 0
INFO 2025-01-28 10:06:58,265 basehttp 28184 34468 "GET /static/admin/js/urlify.js HTTP/1.1" 304 0
INFO 2025-01-28 10:06:58,266 basehttp 28184 10356 "GET /static/admin/js/vendor/xregexp/xregexp.js HTTP/1.1" 304 0
INFO 2025-01-28 10:06:58,266 basehttp 28184 10748 "GET /static/admin/img/icon-no.svg HTTP/1.1" 304 0
INFO 2025-01-28 10:06:58,266 basehttp 28184 34096 "GET /static/admin/js/prepopulate.js HTTP/1.1" 304 0
INFO 2025-01-28 10:06:58,270 basehttp 28184 2816 "GET /static/admin/img/icon-yes.svg HTTP/1.1" 304 0
INFO 2025-01-28 10:06:58,270 basehttp 28184 34096 "GET /static/vendor/select2/js/select2.min.js HTTP/1.1" 304 0
INFO 2025-01-28 10:06:58,272 basehttp 28184 34096 "GET /static/jazzmin/js/change_list.js HTTP/1.1" 304 0
INFO 2025-01-28 10:06:58,306 basehttp 28184 26660 "GET /admin/jsi18n/ HTTP/1.1" 200 3342
INFO 2025-01-28 10:08:19,657 autoreload 28184 12348 C:\Users\Obaidullah\Desktop\New folder (5)\H2D\urls.py changed, reloading.
INFO 2025-01-28 10:08:20,638 autoreload 32432 33244 Watching for file changes with StatReloader
INFO 2025-01-28 10:08:31,703 autoreload 32432 33244 C:\Users\Obaidullah\Desktop\New folder (5)\H2D\urls.py changed, reloading.
INFO 2025-01-28 10:08:32,763 autoreload 34364 22924 Watching for file changes with StatReloader
INFO 2025-01-28 10:08:54,339 autoreload 34364 22924 C:\Users\Obaidullah\Desktop\New folder (5)\users\urls.py changed, reloading.
INFO 2025-01-28 10:08:55,490 autoreload 33892 24184 Watching for file changes with StatReloader
INFO 2025-01-28 10:11:43,912 autoreload 33892 24184 C:\Users\Obaidullah\Desktop\New folder (5)\users\urls.py changed, reloading.
INFO 2025-01-28 10:11:45,066 autoreload 34132 33412 Watching for file changes with StatReloader
INFO 2025-01-28 10:11:54,574 basehttp 34132 6384 "GET / HTTP/1.1" 200 1577
INFO 2025-01-28 10:11:54,672 basehttp 34132 6384 "GET /?format=openapi HTTP/1.1" 200 1904
INFO 2025-01-28 10:14:38,378 basehttp 34132 6384 "POST /api/user/token/ HTTP/1.1" 200 502
INFO 2025-01-28 10:15:20,969 basehttp 34132 6384 "POST /api/user/token/refresh/ HTTP/1.1" 200 250
INFO 2025-01-28 10:18:02,806 autoreload 34132 33412 C:\Users\Obaidullah\Desktop\New folder (5)\H2D\urls.py changed, reloading.
INFO 2025-01-28 10:18:03,880 autoreload 27496 29564 Watching for file changes with StatReloader
INFO 2025-01-28 10:22:26,694 autoreload 27496 29564 C:\Users\Obaidullah\Desktop\New folder (5)\users\models.py changed, reloading.
INFO 2025-01-28 10:22:27,663 autoreload 26096 32240 Watching for file changes with StatReloader
INFO 2025-01-28 10:25:24,245 autoreload 26096 32240 C:\Users\Obaidullah\Desktop\New folder (5)\users\models.py changed, reloading.
INFO 2025-01-28 10:25:25,332 autoreload 24768 34208 Watching for file changes with StatReloader
INFO 2025-01-28 10:27:33,706 autoreload 24768 34208 C:\Users\Obaidullah\Desktop\New folder (5)\users\models.py changed, reloading.
INFO 2025-01-28 10:27:34,724 autoreload 29904 17528 Watching for file changes with StatReloader
INFO 2025-01-28 15:26:32,445 autoreload 24736 34716 Watching for file changes with StatReloader
INFO 2025-01-28 15:32:07,659 autoreload 24736 34716 C:\Users\Obaidullah\Desktop\New folder (5)\H2D\settings.py changed, reloading.
INFO 2025-01-28 15:32:08,853 autoreload 29956 13064 Watching for file changes with StatReloader
INFO 2025-01-28 15:33:45,099 autoreload 34820 32936 Watching for file changes with StatReloader
INFO 2025-01-28 15:34:05,140 basehttp 34820 32692 "GET / HTTP/1.1" 200 1577
INFO 2025-01-28 15:34:05,313 basehttp 34820 32692 "GET /static/drf-yasg/style.css HTTP/1.1" 200 1047
INFO 2025-01-28 15:34:05,316 basehttp 34820 32692 "GET /static/drf-yasg/swagger-ui-init.js HTTP/1.1" 200 14964
INFO 2025-01-28 15:34:05,337 basehttp 34820 28616 "GET /static/drf-yasg/insQ.min.js HTTP/1.1" 200 2093
INFO 2025-01-28 15:34:05,337 basehttp 34820 27412 "GET /static/drf-yasg/swagger-ui-dist/swagger-ui-standalone-preset.js HTTP/1.1" 200 322863
INFO 2025-01-28 15:34:05,341 basehttp 34820 9608 "GET /static/drf-yasg/swagger-ui-dist/swagger-ui.css HTTP/1.1" 200 145206
INFO 2025-01-28 15:34:05,342 basehttp 34820 32848 "GET /static/drf-yasg/immutable.min.js HTTP/1.1" 200 56904
INFO 2025-01-28 15:34:05,349 basehttp 34820 11312 "GET /static/drf-yasg/swagger-ui-dist/swagger-ui-bundle.js HTTP/1.1" 200 1046583
INFO 2025-01-28 15:34:05,481 basehttp 34820 11312 "GET /?format=openapi HTTP/1.1" 200 1904
INFO 2025-01-28 15:34:05,558 basehttp 34820 11312 "GET /static/drf-yasg/swagger-ui-dist/favicon-32x32.png HTTP/1.1" 200 628
INFO 2025-01-28 15:34:17,518 basehttp 34820 11312 "GET / HTTP/1.1" 200 1577
INFO 2025-01-28 15:34:17,604 basehttp 34820 11312 "GET /?format=openapi HTTP/1.1" 200 1904
INFO 2025-01-28 15:34:21,919 basehttp 34820 11312 "GET /admin HTTP/1.1" 301 0
INFO 2025-01-28 15:34:21,934 basehttp 34820 9608 "GET /admin/ HTTP/1.1" 302 0
INFO 2025-01-28 15:34:21,951 basehttp 34820 9608 "GET /admin/login/?next=/admin/ HTTP/1.1" 200 3079
INFO 2025-01-28 15:34:21,973 basehttp 34820 9608 "GET /static/vendor/fontawesome-free/css/all.min.css HTTP/1.1" 200 103009
INFO 2025-01-28 15:34:21,988 basehttp 34820 32848 "GET /static/jazzmin/css/main.css HTTP/1.1" 200 16969
INFO 2025-01-28 15:34:21,989 basehttp 34820 27412 "GET /static/vendor/adminlte/img/AdminLTELogo.png HTTP/1.1" 200 2637
INFO 2025-01-28 15:34:21,991 basehttp 34820 29984 "GET /static/vendor/adminlte/js/adminlte.min.js HTTP/1.1" 200 44244
INFO 2025-01-28 15:34:21,992 basehttp 34820 32692 "GET /static/vendor/bootstrap/js/bootstrap.min.js HTTP/1.1" 200 62440
INFO 2025-01-28 15:34:21,997 basehttp 34820 28616 "GET /static/admin/js/vendor/jquery/jquery.js HTTP/1.1" 200 285314
INFO 2025-01-28 15:34:22,012 basehttp 34820 9608 "GET /static/vendor/adminlte/css/adminlte.min.css HTTP/1.1" 200 1382975
INFO 2025-01-28 15:34:22,353 basehttp 34820 9608 "GET /static/vendor/fontawesome-free/webfonts/fa-solid-900.woff2 HTTP/1.1" 200 156400
INFO 2025-01-28 15:34:31,058 basehttp 34820 9608 "POST /admin/login/?next=/admin/ HTTP/1.1" 302 0
INFO 2025-01-28 15:34:31,123 basehttp 34820 9608 "GET /admin/ HTTP/1.1" 200 11740
INFO 2025-01-28 15:34:31,154 basehttp 34820 9608 "GET /static/jazzmin/js/main.js HTTP/1.1" 200 2391
INFO 2025-01-28 15:34:31,170 basehttp 34820 9608 "GET /static/vendor/fontawesome-free/webfonts/fa-regular-400.woff2 HTTP/1.1" 200 25392
INFO 2025-01-28 15:37:02,563 autoreload 32752 22812 Watching for file changes with StatReloader
INFO 2025-01-28 15:37:07,419 autoreload 32752 22812 C:\Users\Obaidullah\Desktop\New folder (5)\H2D\settings.py changed, reloading.
INFO 2025-01-28 15:37:08,433 autoreload 34992 22056 Watching for file changes with StatReloader
INFO 2025-01-28 15:37:09,902 basehttp 34992 27884 "GET / HTTP/1.1" 200 1577
INFO 2025-01-28 15:37:10,037 basehttp 34992 27884 "GET /?format=openapi HTTP/1.1" 200 1904
INFO 2025-01-28 15:37:12,701 basehttp 34992 27884 "GET /admin/ HTTP/1.1" 200 11740
INFO 2025-01-28 15:37:13,626 basehttp 34992 27884 "GET /admin/users/user/831565/change/ HTTP/1.1" 200 27191
INFO 2025-01-28 15:37:13,654 basehttp 34992 10428 "GET /admin/jsi18n/ HTTP/1.1" 200 3342
INFO 2025-01-28 15:37:13,760 basehttp 34992 27884 "GET /static/vendor/select2/css/select2.min.css HTTP/1.1" 200 16264
INFO 2025-01-28 15:37:13,784 basehttp 34992 20512 "GET /static/admin/js/jquery.init.js HTTP/1.1" 200 347
INFO 2025-01-28 15:37:13,794 basehttp 34992 8060 "GET /static/admin/js/admin/DateTimeShortcuts.js HTTP/1.1" 200 19319
INFO 2025-01-28 15:37:13,798 basehttp 34992 27884 "GET /static/admin/js/actions.js HTTP/1.1" 200 8067
INFO 2025-01-28 15:37:13,805 basehttp 34992 20512 "GET /static/admin/js/urlify.js HTTP/1.1" 200 7887
INFO 2025-01-28 15:37:13,805 basehttp 34992 32032 "GET /static/admin/js/calendar.js HTTP/1.1" 200 9141
INFO 2025-01-28 15:37:13,808 basehttp 34992 10428 "GET /static/admin/js/admin/RelatedObjectLookups.js HTTP/1.1" 200 9042
INFO 2025-01-28 15:37:13,810 basehttp 34992 30568 "GET /static/admin/js/core.js HTTP/1.1" 200 6208
INFO 2025-01-28 15:37:13,815 basehttp 34992 8060 "GET /static/admin/js/prepopulate.js HTTP/1.1" 200 1531
INFO 2025-01-28 15:37:13,830 basehttp 34992 20512 "GET /static/admin/js/change_form.js HTTP/1.1" 200 606
INFO 2025-01-28 15:37:13,834 basehttp 34992 20512 "GET /static/vendor/select2/js/select2.min.js HTTP/1.1" 200 73170
INFO 2025-01-28 15:37:13,837 basehttp 34992 10428 "GET /static/admin/js/prepopulate_init.js HTTP/1.1" 200 586
INFO 2025-01-28 15:37:13,840 basehttp 34992 20512 "GET /static/jazzmin/js/change_form.js HTTP/1.1" 200 6052
INFO 2025-01-28 15:37:13,844 basehttp 34992 10428 "GET /static/jazzmin/plugins/bootstrap-show-modal/bootstrap-show-modal.min.js HTTP/1.1" 200 2756
INFO 2025-01-28 15:37:13,846 basehttp 34992 20512 "GET /static/jazzmin/js/related-modal.js HTTP/1.1" 200 6258
INFO 2025-01-28 15:37:13,890 basehttp 34992 27884 "GET /static/admin/js/vendor/xregexp/xregexp.js HTTP/1.1" 200 325171
INFO 2025-01-28 15:37:14,872 basehttp 34992 27884 "GET /admin/ HTTP/1.1" 200 11740
INFO 2025-01-28 15:37:17,171 basehttp 34992 27884 "GET /admin/ HTTP/1.1" 200 11740
INFO 2025-01-28 15:37:19,612 basehttp 34992 27884 "GET /admin/ HTTP/1.1" 200 11740
INFO 2025-01-28 15:42:54,537 autoreload 34992 22056 C:\Users\Obaidullah\Desktop\New folder (5)\H2D\settings.py changed, reloading.
INFO 2025-01-28 15:42:55,861 autoreload 34160 22372 Watching for file changes with StatReloader
INFO 2025-01-28 15:42:58,053 basehttp 34160 20988 "GET / HTTP/1.1" 200 1577
INFO 2025-01-28 15:42:58,194 basehttp 34160 20988 "GET /?format=openapi HTTP/1.1" 200 1904
INFO 2025-01-28 15:43:00,252 basehttp 34160 20988 "GET /admin/users/user/ HTTP/1.1" 302 0
INFO 2025-01-28 15:43:00,266 basehttp 34160 20988 "GET /admin/login/?next=/admin/users/user/ HTTP/1.1" 200 3090
INFO 2025-01-28 15:43:03,125 basehttp 34160 20988 "GET /admin/login/?next=/admin/users/user/ HTTP/1.1" 200 3090
INFO 2025-01-28 15:43:05,475 basehttp 34160 20988 "POST /admin/login/?next=/admin/users/user/ HTTP/1.1" 302 0
INFO 2025-01-28 15:43:05,813 basehttp 34160 20988 "GET /admin/users/user/ HTTP/1.1" 200 25132
INFO 2025-01-28 15:43:05,860 basehttp 34160 20988 "GET /admin/jsi18n/ HTTP/1.1" 200 3342
INFO 2025-01-28 16:11:16,115 autoreload 11460 10544 Watching for file changes with StatReloader
INFO 2025-01-28 16:12:20,955 autoreload 14408 24524 Watching for file changes with StatReloader
INFO 2025-01-28 16:12:27,646 autoreload 14408 24524 C:\Users\Obaidullah\Desktop\New folder (5)\H2D\settings.py changed, reloading.
INFO 2025-01-28 16:12:28,673 autoreload 30728 4700 Watching for file changes with StatReloader
INFO 2025-01-28 16:12:33,071 basehttp 30728 23168 "GET / HTTP/1.1" 200 1577
INFO 2025-01-28 16:12:33,234 basehttp 30728 23168 "GET /?format=openapi HTTP/1.1" 200 1904
INFO 2025-01-28 16:12:36,610 basehttp 30728 23168 "GET /admin/ HTTP/1.1" 200 11740
INFO 2025-01-28 16:12:43,953 basehttp 30728 23168 "POST /admin/logout/ HTTP/1.1" 200 2133
INFO 2025-01-28 16:12:45,900 basehttp 30728 23168 "GET /admin/ HTTP/1.1" 302 0
INFO 2025-01-28 16:12:45,943 basehttp 30728 23168 "GET /admin/login/?next=/admin/ HTTP/1.1" 200 3079
INFO 2025-01-28 16:12:48,665 basehttp 30728 23168 "POST /admin/login/?next=/admin/ HTTP/1.1" 302 0
INFO 2025-01-28 16:12:48,693 basehttp 30728 23168 "GET /admin/ HTTP/1.1" 200 11740
INFO 2025-01-28 16:12:52,664 basehttp 30728 23168 "GET /admin/users/user/ HTTP/1.1" 200 25132
INFO 2025-01-28 16:12:52,707 basehttp 30728 23168 "GET /admin/jsi18n/ HTTP/1.1" 200 3342
INFO 2025-01-28 16:13:56,297 autoreload 2420 20108 Watching for file changes with StatReloader
